SF:lib/app/core/connectivity.domain/connectivity_service.dart
DA:12,0
DA:15,0
DA:17,0
DA:19,0
LF:4
LH:0
end_of_record
SF:lib/app/core/errors/messages.dart
DA:4,1
LF:1
LH:1
end_of_record
SF:lib/app/core/pages/splash/splash_page.dart
DA:5,0
DA:7,0
DA:8,0
DA:15,0
DA:17,0
DA:18,0
DA:19,0
DA:22,0
DA:24,0
DA:25,0
DA:28,0
DA:29,0
DA:30,0
DA:33,0
DA:34,0
DA:39,0
DA:42,0
DA:44,0
DA:45,0
DA:46,0
DA:47,0
DA:48,0
DA:52,0
DA:55,0
DA:57,0
DA:58,0
DA:59,0
DA:60,0
DA:61,0
DA:63,0
DA:67,0
DA:69,0
LF:32
LH:0
end_of_record
SF:lib/app/modules/login/domain/domain_errors/error_login/error_login.dart
DA:7,1
LF:1
LH:1
end_of_record
SF:lib/app/modules/login/domain/entities/user/user.dart
DA:8,1
DA:14,0
DA:15,0
DA:16,0
DA:17,0
DA:18,0
LF:6
LH:1
end_of_record
SF:lib/app/modules/login/domain/usecases/login_with_google.dart
DA:22,1
DA:28,1
DA:30,3
DA:33,3
DA:36,3
LF:5
LH:5
end_of_record
SF:lib/app/modules/login/domain/usecases/login_with_google.g.dart
DA:9,0
LF:1
LH:0
end_of_record
SF:lib/app/modules/login/login_module.dart
DA:6,0
DA:7,0
DA:8,0
DA:11,0
DA:12,0
LF:5
LH:0
end_of_record
